{"name": "User should be able to see product details", "status": "failed", "statusDetails": {"message": "AssertionError\n", "trace": "  File \"C:\\Users\\pumahapa\\PycharmProjects\\behavebddproject\\venv\\Lib\\site-packages\\behave\\model.py\", line 1329, in run\n    match.run(runner.context)\n  File \"C:\\Users\\pumahapa\\PycharmProjects\\behavebddproject\\venv\\Lib\\site-packages\\behave\\matchers.py\", line 98, in run\n    self.func(context, *args, **kwargs)\n  File \"features\\steps\\productcatalog.py\", line 33, in step_impl\n    assert context.driver.find_element(By.XPATH,\"//div[@class='extension-description']\").is_displayed()\n"}, "steps": [{"name": "Given I can open the URL", "status": "passed", "start": 1678249772110, "stop": 1678249777876}, {"name": "When I hover on the product", "status": "passed", "start": 1678249777877, "stop": 1678249777889}, {"name": "Then I should be able to see product details", "status": "failed", "statusDetails": {"message": "AssertionError\n", "trace": "  File \"C:\\Users\\pumahapa\\PycharmProjects\\behavebddproject\\venv\\Lib\\site-packages\\behave\\model.py\", line 1329, in run\n    match.run(runner.context)\n  File \"C:\\Users\\pumahapa\\PycharmProjects\\behavebddproject\\venv\\Lib\\site-packages\\behave\\matchers.py\", line 98, in run\n    self.func(context, *args, **kwargs)\n  File \"features\\steps\\productcatalog.py\", line 33, in step_impl\n    assert context.driver.find_element(By.XPATH,\"//div[@class='extension-description']\").is_displayed()\n"}, "start": 1678249777889, "stop": 1678249777920}], "start": 1678249772108, "stop": 1678249780043, "uuid": "60e1884c-cc5e-4444-ae82-ab5b01b6e249", "historyId": "f700d875d3232731565c106a57a75150", "fullName": "To validate the functionality of product catalog: User should be able to see product details", "labels": [{"name": "severity", "value": "normal"}, {"name": "feature", "value": "To validate the functionality of product catalog"}, {"name": "framework", "value": "behave"}, {"name": "language", "value": "cpython3"}]}